This file contains any messages produced by compilers while
running configure, to aid debugging if configure makes a mistake.

It was created by unagi configure 0.3.4, which was
generated by GNU Autoconf 2.71.  Invocation command line was

  $ ./configure --prefix=/usr --sysconfdir=/etc

## --------- ##
## Platform. ##
## --------- ##

hostname = tom-nitro
uname -m = x86_64
uname -r = 5.14.1-xanmod1-1
uname -s = Linux
uname -v = #1 SMP PREEMPT Sat, 04 Sep 2021 15:40:32 +0000

/usr/bin/uname -p = unknown
/bin/uname -X     = unknown

/bin/arch              = unknown
/usr/bin/arch -k       = unknown
/usr/convex/getsysinfo = unknown
/usr/bin/hostinfo      = unknown
/bin/machine           = unknown
/usr/bin/oslevel       = unknown
/bin/universe          = unknown

PATH: /home/tom/.local/bin/
PATH: ./
PATH: /usr/local/sbin/
PATH: /usr/local/bin/
PATH: /usr/bin/
PATH: /opt/cuda/bin/
PATH: /opt/cuda/nsight_compute/
PATH: /opt/cuda/nsight_systems/bin/
PATH: /usr/lib/jvm/default/bin/
PATH: /usr/bin/site_perl/
PATH: /usr/bin/vendor_perl/
PATH: /usr/bin/core_perl/


## ----------- ##
## Core tests. ##
## ----------- ##

configure:2521: looking for aux files: config.guess config.sub ltmain.sh compile missing install-sh
configure:2534:  trying ./
configure:2563:   ./config.guess found
configure:2563:   ./config.sub found
configure:2563:   ./ltmain.sh found
configure:2563:   ./compile found
configure:2563:   ./missing found
configure:2545:   ./install-sh found
configure:2696: checking for a BSD-compatible install
configure:2769: result: /usr/bin/install -c
configure:2780: checking whether build environment is sane
configure:2835: result: yes
configure:2994: checking for a race-free mkdir -p
configure:3038: result: /usr/bin/mkdir -p
configure:3045: checking for gawk
configure:3066: found /usr/bin/gawk
configure:3077: result: gawk
configure:3088: checking whether make sets $(MAKE)
configure:3111: result: yes
configure:3141: checking whether make supports nested variables
configure:3159: result: yes
configure:3296: checking whether to enable maintainer-specific portions of Makefiles
configure:3306: result: no
configure:3383: checking for gcc
configure:3404: found /usr/bin/gcc
configure:3415: result: gcc
configure:3768: checking for C compiler version
configure:3777: gcc --version >&5
gcc (GCC) 11.1.0
Copyright (C) 2021 Free Software Foundation, Inc.
This is free software; see the source for copying conditions.  There is NO
warranty; not even for MERCHANTABILITY or FITNESS FOR A PARTICULAR PURPOSE.

configure:3788: $? = 0
configure:3777: gcc -v >&5
Using built-in specs.
COLLECT_GCC=gcc
COLLECT_LTO_WRAPPER=/usr/lib/gcc/x86_64-pc-linux-gnu/11.1.0/lto-wrapper
Target: x86_64-pc-linux-gnu
Configured with: /build/gcc/src/gcc/configure --prefix=/usr --libdir=/usr/lib --libexecdir=/usr/lib --mandir=/usr/share/man --infodir=/usr/share/info --with-bugurl=https://bugs.archlinux.org/ --enable-languages=c,c++,ada,fortran,go,lto,objc,obj-c++,d --with-isl --with-linker-hash-style=gnu --with-system-zlib --enable-__cxa_atexit --enable-cet=auto --enable-checking=release --enable-clocale=gnu --enable-default-pie --enable-default-ssp --enable-gnu-indirect-function --enable-gnu-unique-object --enable-install-libiberty --enable-linker-build-id --enable-lto --enable-multilib --enable-plugin --enable-shared --enable-threads=posix --disable-libssp --disable-libstdcxx-pch --disable-libunwind-exceptions --disable-werror gdc_include_dir=/usr/include/dlang/gdc
Thread model: posix
Supported LTO compression algorithms: zlib zstd
gcc version 11.1.0 (GCC) 
configure:3788: $? = 0
configure:3777: gcc -V >&5
gcc: error: unrecognized command-line option '-V'
gcc: fatal error: no input files
compilation terminated.
configure:3788: $? = 1
configure:3777: gcc -qversion >&5
gcc: error: unrecognized command-line option '-qversion'; did you mean '--version'?
gcc: fatal error: no input files
compilation terminated.
configure:3788: $? = 1
configure:3777: gcc -version >&5
gcc: error: unrecognized command-line option '-version'
gcc: fatal error: no input files
compilation terminated.
configure:3788: $? = 1
configure:3808: checking whether the C compiler works
configure:3830: gcc    conftest.c  >&5
configure:3834: $? = 0
configure:3884: result: yes
configure:3887: checking for C compiler default output file name
configure:3889: result: a.out
configure:3895: checking for suffix of executables
configure:3902: gcc -o conftest    conftest.c  >&5
configure:3906: $? = 0
configure:3929: result: 
configure:3951: checking whether we are cross compiling
configure:3959: gcc -o conftest    conftest.c  >&5
configure:3963: $? = 0
configure:3970: ./conftest
configure:3974: $? = 0
configure:3989: result: no
configure:3994: checking for suffix of object files
configure:4017: gcc -c   conftest.c >&5
configure:4021: $? = 0
configure:4043: result: o
configure:4047: checking whether the compiler supports GNU C
configure:4067: gcc -c   conftest.c >&5
configure:4067: $? = 0
configure:4077: result: yes
configure:4088: checking whether gcc accepts -g
configure:4109: gcc -c -g  conftest.c >&5
configure:4109: $? = 0
configure:4153: result: yes
configure:4173: checking for gcc option to enable C11 features
configure:4188: gcc  -c -g -O2  conftest.c >&5
configure:4188: $? = 0
configure:4206: result: none needed
configure:4322: checking whether gcc understands -c and -o together
configure:4345: gcc -c conftest.c -o conftest2.o
configure:4348: $? = 0
configure:4345: gcc -c conftest.c -o conftest2.o
configure:4348: $? = 0
configure:4360: result: yes
configure:4380: checking whether make supports the include directive
configure:4395: make -f confmf.GNU && cat confinc.out
this is the am__doit target
configure:4398: $? = 0
configure:4417: result: yes (GNU style)
configure:4443: checking dependency style of gcc
configure:4555: result: gcc3
configure:4614: checking build system type
configure:4629: result: x86_64-pc-linux-gnu
configure:4649: checking host system type
configure:4663: result: x86_64-pc-linux-gnu
configure:4704: checking how to print strings
configure:4731: result: printf
configure:4752: checking for a sed that does not truncate output
configure:4822: result: /usr/bin/sed
configure:4840: checking for grep that handles long lines and -e
configure:4904: result: /usr/bin/grep
configure:4909: checking for egrep
configure:4977: result: /usr/bin/grep -E
configure:4982: checking for fgrep
configure:5050: result: /usr/bin/grep -F
configure:5086: checking for ld used by gcc
configure:5154: result: /usr/bin/ld
configure:5161: checking if the linker (/usr/bin/ld) is GNU ld
configure:5177: result: yes
configure:5189: checking for BSD- or MS-compatible name lister (nm)
configure:5244: result: /usr/bin/nm -B
configure:5384: checking the name lister (/usr/bin/nm -B) interface
configure:5392: gcc -c -g -O2  conftest.c >&5
configure:5395: /usr/bin/nm -B "conftest.o"
configure:5398: output
0000000000000000 B some_variable
configure:5405: result: BSD nm
configure:5408: checking whether ln -s works
configure:5412: result: yes
configure:5420: checking the maximum length of command line arguments
configure:5552: result: 1572864
configure:5600: checking how to convert x86_64-pc-linux-gnu file names to x86_64-pc-linux-gnu format
configure:5641: result: func_convert_file_noop
configure:5648: checking how to convert x86_64-pc-linux-gnu file names to toolchain format
configure:5669: result: func_convert_file_noop
configure:5676: checking for /usr/bin/ld option to reload object files
configure:5684: result: -r
configure:5763: checking for objdump
configure:5784: found /usr/bin/objdump
configure:5795: result: objdump
configure:5827: checking how to recognize dependent libraries
configure:6028: result: pass_all
configure:6118: checking for dlltool
configure:6153: result: no
configure:6183: checking how to associate runtime and link libraries
configure:6211: result: printf %s\n
configure:6277: checking for ar
configure:6298: found /usr/bin/ar
configure:6309: result: ar
configure:6362: checking for archiver @FILE support
configure:6380: gcc -c -g -O2  conftest.c >&5
configure:6380: $? = 0
configure:6384: ar cr libconftest.a @conftest.lst >&5
configure:6387: $? = 0
configure:6392: ar cr libconftest.a @conftest.lst >&5
ar: conftest.o: No such file or directory
configure:6395: $? = 1
configure:6407: result: @
configure:6470: checking for strip
configure:6491: found /usr/bin/strip
configure:6502: result: strip
configure:6579: checking for ranlib
configure:6600: found /usr/bin/ranlib
configure:6611: result: ranlib
configure:6713: checking command to parse /usr/bin/nm -B output from gcc object
configure:6867: gcc -c -g -O2  conftest.c >&5
configure:6870: $? = 0
configure:6874: /usr/bin/nm -B conftest.o \| sed -n -e 's/^.*[ ]\([ABCDGIRSTW][ABCDGIRSTW]*\)[ ][ ]*\([_A-Za-z][_A-Za-z0-9]*\)$/\1 \2 \2/p' | sed '/ __gnu_lto/d' \> conftest.nm
configure:6877: $? = 0
configure:6943: gcc -o conftest -g -O2   conftest.c conftstm.o >&5
configure:6946: $? = 0
configure:6984: result: ok
configure:7031: checking for sysroot
configure:7062: result: no
configure:7069: checking for a working dd
configure:7113: result: /usr/bin/dd
configure:7117: checking how to truncate binary pipes
configure:7133: result: /usr/bin/dd bs=4096 count=1
configure:7270: gcc -c -g -O2  conftest.c >&5
configure:7273: $? = 0
configure:7470: checking for mt
configure:7505: result: no
configure:7525: checking if : is a manifest tool
configure:7532: : '-?'
configure:7540: result: no
configure:8270: checking for stdio.h
configure:8270: gcc -c -g -O2  conftest.c >&5
configure:8270: $? = 0
configure:8270: result: yes
configure:8270: checking for stdlib.h
configure:8270: gcc -c -g -O2  conftest.c >&5
configure:8270: $? = 0
configure:8270: result: yes
configure:8270: checking for string.h
configure:8270: gcc -c -g -O2  conftest.c >&5
configure:8270: $? = 0
configure:8270: result: yes
configure:8270: checking for inttypes.h
configure:8270: gcc -c -g -O2  conftest.c >&5
configure:8270: $? = 0
configure:8270: result: yes
configure:8270: checking for stdint.h
configure:8270: gcc -c -g -O2  conftest.c >&5
configure:8270: $? = 0
configure:8270: result: yes
configure:8270: checking for strings.h
configure:8270: gcc -c -g -O2  conftest.c >&5
configure:8270: $? = 0
configure:8270: result: yes
configure:8270: checking for sys/stat.h
configure:8270: gcc -c -g -O2  conftest.c >&5
configure:8270: $? = 0
configure:8270: result: yes
configure:8270: checking for sys/types.h
configure:8270: gcc -c -g -O2  conftest.c >&5
configure:8270: $? = 0
configure:8270: result: yes
configure:8270: checking for unistd.h
configure:8270: gcc -c -g -O2  conftest.c >&5
configure:8270: $? = 0
configure:8270: result: yes
configure:8295: checking for dlfcn.h
configure:8295: gcc -c -g -O2  conftest.c >&5
configure:8295: $? = 0
configure:8295: result: yes
configure:8552: checking for objdir
configure:8568: result: .libs
configure:8832: checking if gcc supports -fno-rtti -fno-exceptions
configure:8851: gcc -c -g -O2  -fno-rtti -fno-exceptions conftest.c >&5
cc1: warning: command-line option '-fno-rtti' is valid for C++/D/ObjC++ but not for C
configure:8855: $? = 0
configure:8868: result: no
configure:9226: checking for gcc option to produce PIC
configure:9234: result: -fPIC -DPIC
configure:9242: checking if gcc PIC flag -fPIC -DPIC works
configure:9261: gcc -c -g -O2  -fPIC -DPIC -DPIC conftest.c >&5
configure:9265: $? = 0
configure:9278: result: yes
configure:9307: checking if gcc static flag -static works
configure:9336: result: yes
configure:9351: checking if gcc supports -c -o file.o
configure:9373: gcc -c -g -O2  -o out/conftest2.o conftest.c >&5
configure:9377: $? = 0
configure:9399: result: yes
configure:9407: checking if gcc supports -c -o file.o
configure:9455: result: yes
configure:9488: checking whether the gcc linker (/usr/bin/ld -m elf_x86_64) supports shared libraries
configure:10756: result: yes
configure:10793: checking whether -lc should be explicitly linked in
configure:10802: gcc -c -g -O2  conftest.c >&5
configure:10805: $? = 0
configure:10820: gcc -shared  -fPIC -DPIC conftest.o  -v -Wl,-soname -Wl,conftest -o conftest 2\>\&1 \| /usr/bin/grep  -lc  \>/dev/null 2\>\&1
configure:10823: $? = 0
configure:10837: result: no
configure:10997: checking dynamic linker characteristics
configure:11579: gcc -o conftest -g -O2   -Wl,-rpath -Wl,/foo conftest.c  >&5
configure:11579: $? = 0
configure:11818: result: GNU/Linux ld.so
configure:11940: checking how to hardcode library paths into programs
configure:11965: result: immediate
configure:12067: checking for shl_load
configure:12067: gcc -o conftest -g -O2   conftest.c  >&5
/usr/bin/ld: /tmp/cc08r7HL.o: in function `main':
/home/tom/dev/unagi/conftest.c:50: undefined reference to `shl_load'
collect2: error: ld returned 1 exit status
configure:12067: $? = 1
configure: failed program was:
| /* confdefs.h */
| #define PACKAGE_NAME "unagi"
| #define PACKAGE_TARNAME "unagi"
| #define PACKAGE_VERSION "0.3.4"
| #define PACKAGE_STRING "unagi 0.3.4"
| #define PACKAGE_BUGREPORT "Arnaud Fontaine <arnau@mini-dweeb.org"
| #define PACKAGE_URL ""
| #define PACKAGE "unagi"
| #define VERSION "0.3.4"
| #define HAVE_STDIO_H 1
| #define HAVE_STDLIB_H 1
| #define HAVE_STRING_H 1
| #define HAVE_INTTYPES_H 1
| #define HAVE_STDINT_H 1
| #define HAVE_STRINGS_H 1
| #define HAVE_SYS_STAT_H 1
| #define HAVE_SYS_TYPES_H 1
| #define HAVE_UNISTD_H 1
| #define STDC_HEADERS 1
| #define HAVE_DLFCN_H 1
| #define LT_OBJDIR ".libs/"
| /* end confdefs.h.  */
| /* Define shl_load to an innocuous variant, in case <limits.h> declares shl_load.
|    For example, HP-UX 11i <limits.h> declares gettimeofday.  */
| #define shl_load innocuous_shl_load
| 
| /* System header to define __stub macros and hopefully few prototypes,
|    which can conflict with char shl_load (); below.  */
| 
| #include <limits.h>
| #undef shl_load
| 
| /* Override any GCC internal prototype to avoid an error.
|    Use char because int might match the return type of a GCC
|    builtin and then its argument prototype would still apply.  */
| #ifdef __cplusplus
| extern "C"
| #endif
| char shl_load ();
| /* The GNU C library defines this for functions which it implements
|     to always fail with ENOSYS.  Some functions are actually named
|     something starting with __ and the normal name is an alias.  */
| #if defined __stub_shl_load || defined __stub___shl_load
| choke me
| #endif
| 
| int
| main (void)
| {
| return shl_load ();
|   ;
|   return 0;
| }
configure:12067: result: no
configure:12072: checking for shl_load in -ldld
configure:12095: gcc -o conftest -g -O2   conftest.c -ldld   >&5
/usr/bin/ld: cannot find -ldld
collect2: error: ld returned 1 exit status
configure:12095: $? = 1
configure: failed program was:
| /* confdefs.h */
| #define PACKAGE_NAME "unagi"
| #define PACKAGE_TARNAME "unagi"
| #define PACKAGE_VERSION "0.3.4"
| #define PACKAGE_STRING "unagi 0.3.4"
| #define PACKAGE_BUGREPORT "Arnaud Fontaine <arnau@mini-dweeb.org"
| #define PACKAGE_URL ""
| #define PACKAGE "unagi"
| #define VERSION "0.3.4"
| #define HAVE_STDIO_H 1
| #define HAVE_STDLIB_H 1
| #define HAVE_STRING_H 1
| #define HAVE_INTTYPES_H 1
| #define HAVE_STDINT_H 1
| #define HAVE_STRINGS_H 1
| #define HAVE_SYS_STAT_H 1
| #define HAVE_SYS_TYPES_H 1
| #define HAVE_UNISTD_H 1
| #define STDC_HEADERS 1
| #define HAVE_DLFCN_H 1
| #define LT_OBJDIR ".libs/"
| /* end confdefs.h.  */
| 
| /* Override any GCC internal prototype to avoid an error.
|    Use char because int might match the return type of a GCC
|    builtin and then its argument prototype would still apply.  */
| char shl_load ();
| int
| main (void)
| {
| return shl_load ();
|   ;
|   return 0;
| }
configure:12105: result: no
configure:12111: checking for dlopen
configure:12111: gcc -o conftest -g -O2   conftest.c  >&5
configure:12111: $? = 0
configure:12111: result: yes
configure:12269: checking whether a program can dlopen itself
configure:12350: gcc -o conftest -g -O2  -DHAVE_DLFCN_H  -Wl,--export-dynamic conftest.c   >&5
configure:12353: $? = 0
configure:12371: result: yes
configure:12376: checking whether a statically linked program can dlopen itself
configure:12457: gcc -o conftest -g -O2  -DHAVE_DLFCN_H  -Wl,--export-dynamic -static conftest.c   >&5
/usr/bin/ld: /tmp/ccBfreI6.o: in function `main':
/home/tom/dev/unagi/configure:12436: warning: Using 'dlopen' in statically linked applications requires at runtime the shared libraries from the glibc version used for linking
configure:12460: $? = 0
conftest: undefined symbol: _fnord
configure:12478: result: no
configure:12517: checking whether stripping libraries is possible
configure:12526: result: yes
configure:12568: checking if libtool supports shared libraries
configure:12570: result: yes
configure:12573: checking whether to build shared libraries
configure:12598: result: yes
configure:12601: checking whether to build static libraries
configure:12605: result: yes
configure:12722: checking for pkg-config
configure:12745: found /usr/bin/pkg-config
configure:12757: result: /usr/bin/pkg-config
configure:12782: checking pkg-config is at least version 0.9.0
configure:12785: result: yes
configure:12795: checking for UNAGI
configure:12802: $PKG_CONFIG --exists --print-errors "$UNAGI_REQUIRES"
configure:12805: $? = 0
configure:12819: $PKG_CONFIG --exists --print-errors "$UNAGI_REQUIRES"
configure:12822: $? = 0
configure:12880: result: yes
configure:12887: $PKG_CONFIG --exists --print-errors "libev"
Package libev was not found in the pkg-config search path.
Perhaps you should add the directory containing `libev.pc'
to the PKG_CONFIG_PATH environment variable
Package 'libev', required by 'virtual:world', not found
configure:12890: $? = 1
configure:12984: checking for library containing ev_default_loop
configure:13014: gcc -o conftest -g -O2   conftest.c  >&5
/usr/bin/ld: /tmp/ccpCCWIO.o: in function `main':
/home/tom/dev/unagi/conftest.c:31: undefined reference to `ev_default_loop'
collect2: error: ld returned 1 exit status
configure:13014: $? = 1
configure: failed program was:
| /* confdefs.h */
| #define PACKAGE_NAME "unagi"
| #define PACKAGE_TARNAME "unagi"
| #define PACKAGE_VERSION "0.3.4"
| #define PACKAGE_STRING "unagi 0.3.4"
| #define PACKAGE_BUGREPORT "Arnaud Fontaine <arnau@mini-dweeb.org"
| #define PACKAGE_URL ""
| #define PACKAGE "unagi"
| #define VERSION "0.3.4"
| #define HAVE_STDIO_H 1
| #define HAVE_STDLIB_H 1
| #define HAVE_STRING_H 1
| #define HAVE_INTTYPES_H 1
| #define HAVE_STDINT_H 1
| #define HAVE_STRINGS_H 1
| #define HAVE_SYS_STAT_H 1
| #define HAVE_SYS_TYPES_H 1
| #define HAVE_UNISTD_H 1
| #define STDC_HEADERS 1
| #define HAVE_DLFCN_H 1
| #define LT_OBJDIR ".libs/"
| /* end confdefs.h.  */
| 
| /* Override any GCC internal prototype to avoid an error.
|    Use char because int might match the return type of a GCC
|    builtin and then its argument prototype would still apply.  */
| char ev_default_loop ();
| int
| main (void)
| {
| return ev_default_loop ();
|   ;
|   return 0;
| }
configure:13014: gcc -o conftest -g -O2   conftest.c -lev   >&5
configure:13014: $? = 0
configure:13034: result: -lev
configure:13057: checking for RENDER_BACKEND
configure:13064: $PKG_CONFIG --exists --print-errors "
	  xcb-renderutil
	  xcb-render
"
configure:13073: $? = 0
configure:13090: $PKG_CONFIG --exists --print-errors "
	  xcb-renderutil
	  xcb-render
"
configure:13099: $? = 0
configure:13169: result: yes
configure:13178: checking for _Bool
configure:13178: gcc -c -g -O2  conftest.c >&5
configure:13178: $? = 0
configure:13178: gcc -c -g -O2  conftest.c >&5
conftest.c: In function 'main':
conftest.c:54:20: error: expected expression before ')' token
   54 | if (sizeof ((_Bool)))
      |                    ^
configure:13178: $? = 1
configure: failed program was:
| /* confdefs.h */
| #define PACKAGE_NAME "unagi"
| #define PACKAGE_TARNAME "unagi"
| #define PACKAGE_VERSION "0.3.4"
| #define PACKAGE_STRING "unagi 0.3.4"
| #define PACKAGE_BUGREPORT "Arnaud Fontaine <arnau@mini-dweeb.org"
| #define PACKAGE_URL ""
| #define PACKAGE "unagi"
| #define VERSION "0.3.4"
| #define HAVE_STDIO_H 1
| #define HAVE_STDLIB_H 1
| #define HAVE_STRING_H 1
| #define HAVE_INTTYPES_H 1
| #define HAVE_STDINT_H 1
| #define HAVE_STRINGS_H 1
| #define HAVE_SYS_STAT_H 1
| #define HAVE_SYS_TYPES_H 1
| #define HAVE_UNISTD_H 1
| #define STDC_HEADERS 1
| #define HAVE_DLFCN_H 1
| #define LT_OBJDIR ".libs/"
| /* end confdefs.h.  */
| #include <stddef.h>
| #ifdef HAVE_STDIO_H
| # include <stdio.h>
| #endif
| #ifdef HAVE_STDLIB_H
| # include <stdlib.h>
| #endif
| #ifdef HAVE_STRING_H
| # include <string.h>
| #endif
| #ifdef HAVE_INTTYPES_H
| # include <inttypes.h>
| #endif
| #ifdef HAVE_STDINT_H
| # include <stdint.h>
| #endif
| #ifdef HAVE_STRINGS_H
| # include <strings.h>
| #endif
| #ifdef HAVE_SYS_TYPES_H
| # include <sys/types.h>
| #endif
| #ifdef HAVE_SYS_STAT_H
| # include <sys/stat.h>
| #endif
| #ifdef HAVE_UNISTD_H
| # include <unistd.h>
| #endif
| int
| main (void)
| {
| if (sizeof ((_Bool)))
| 	    return 0;
|   ;
|   return 0;
| }
configure:13178: result: yes
configure:13187: checking for stdbool.h that conforms to C99
configure:13303: gcc -c -g -O2  conftest.c >&5
configure:13303: $? = 0
configure:13311: result: yes
configure:13320: checking for ssize_t
configure:13320: gcc -c -g -O2  conftest.c >&5
configure:13320: $? = 0
configure:13320: gcc -c -g -O2  conftest.c >&5
conftest.c: In function 'main':
conftest.c:56:22: error: expected expression before ')' token
   56 | if (sizeof ((ssize_t)))
      |                      ^
configure:13320: $? = 1
configure: failed program was:
| /* confdefs.h */
| #define PACKAGE_NAME "unagi"
| #define PACKAGE_TARNAME "unagi"
| #define PACKAGE_VERSION "0.3.4"
| #define PACKAGE_STRING "unagi 0.3.4"
| #define PACKAGE_BUGREPORT "Arnaud Fontaine <arnau@mini-dweeb.org"
| #define PACKAGE_URL ""
| #define PACKAGE "unagi"
| #define VERSION "0.3.4"
| #define HAVE_STDIO_H 1
| #define HAVE_STDLIB_H 1
| #define HAVE_STRING_H 1
| #define HAVE_INTTYPES_H 1
| #define HAVE_STDINT_H 1
| #define HAVE_STRINGS_H 1
| #define HAVE_SYS_STAT_H 1
| #define HAVE_SYS_TYPES_H 1
| #define HAVE_UNISTD_H 1
| #define STDC_HEADERS 1
| #define HAVE_DLFCN_H 1
| #define LT_OBJDIR ".libs/"
| #define HAVE__BOOL 1
| #define HAVE_STDBOOL_H 1
| /* end confdefs.h.  */
| #include <stddef.h>
| #ifdef HAVE_STDIO_H
| # include <stdio.h>
| #endif
| #ifdef HAVE_STDLIB_H
| # include <stdlib.h>
| #endif
| #ifdef HAVE_STRING_H
| # include <string.h>
| #endif
| #ifdef HAVE_INTTYPES_H
| # include <inttypes.h>
| #endif
| #ifdef HAVE_STDINT_H
| # include <stdint.h>
| #endif
| #ifdef HAVE_STRINGS_H
| # include <strings.h>
| #endif
| #ifdef HAVE_SYS_TYPES_H
| # include <sys/types.h>
| #endif
| #ifdef HAVE_SYS_STAT_H
| # include <sys/stat.h>
| #endif
| #ifdef HAVE_UNISTD_H
| # include <unistd.h>
| #endif
| int
| main (void)
| {
| if (sizeof ((ssize_t)))
| 	    return 0;
|   ;
|   return 0;
| }
configure:13320: result: yes
configure:13394: checking for Doxygen macro (from autoconf-archive)
configure:13396: result: yes
configure:13506: checking for doxygen
configure:13529: found /usr/bin/doxygen
configure:13541: result: /usr/bin/doxygen
configure:13622: checking for perl
configure:13645: found /usr/bin/perl
configure:13657: result: /usr/bin/perl
configure:15577: checking that generated files are newer than configure
configure:15583: result: done
configure:15614: creating ./config.status

## ---------------------- ##
## Running config.status. ##
## ---------------------- ##

This file was extended by unagi config.status 0.3.4, which was
generated by GNU Autoconf 2.71.  Invocation command line was

  CONFIG_FILES    = 
  CONFIG_HEADERS  = 
  CONFIG_LINKS    = 
  CONFIG_COMMANDS = 
  $ ./config.status 

on tom-nitro

config.status:1186: creating Makefile
config.status:1186: creating include/Makefile
config.status:1186: creating src/Makefile
config.status:1186: creating rendering/Makefile
config.status:1186: creating plugins/Makefile
config.status:1186: creating doc/Makefile
config.status:1186: creating unagi.pc
config.status:1186: creating config.h
config.status:1367: config.h is unchanged
config.status:1415: executing depfiles commands
config.status:1492: cd src       && sed -e '/# am--include-marker/d' Makefile         | make -f - am--depfiles
make: Nothing to be done for 'am--depfiles'.
config.status:1497: $? = 0
config.status:1492: cd rendering       && sed -e '/# am--include-marker/d' Makefile         | make -f - am--depfiles
make: Nothing to be done for 'am--depfiles'.
config.status:1497: $? = 0
config.status:1492: cd plugins       && sed -e '/# am--include-marker/d' Makefile         | make -f - am--depfiles
make: Nothing to be done for 'am--depfiles'.
config.status:1497: $? = 0
config.status:1415: executing libtool commands

## ---------------- ##
## Cache variables. ##
## ---------------- ##

ac_cv_build=x86_64-pc-linux-gnu
ac_cv_c_compiler_gnu=yes
ac_cv_env_CC_set=
ac_cv_env_CC_value=
ac_cv_env_CFLAGS_set=
ac_cv_env_CFLAGS_value=
ac_cv_env_CPPFLAGS_set=
ac_cv_env_CPPFLAGS_value=
ac_cv_env_DOXYGEN_PAPER_SIZE_set=
ac_cv_env_DOXYGEN_PAPER_SIZE_value=
ac_cv_env_LDFLAGS_set=
ac_cv_env_LDFLAGS_value=
ac_cv_env_LIBEV_CFLAGS_set=
ac_cv_env_LIBEV_CFLAGS_value=
ac_cv_env_LIBEV_LIBS_set=
ac_cv_env_LIBEV_LIBS_value=
ac_cv_env_LIBS_set=
ac_cv_env_LIBS_value=
ac_cv_env_LT_SYS_LIBRARY_PATH_set=
ac_cv_env_LT_SYS_LIBRARY_PATH_value=
ac_cv_env_PKG_CONFIG_LIBDIR_set=
ac_cv_env_PKG_CONFIG_LIBDIR_value=
ac_cv_env_PKG_CONFIG_PATH_set=
ac_cv_env_PKG_CONFIG_PATH_value=
ac_cv_env_PKG_CONFIG_set=
ac_cv_env_PKG_CONFIG_value=
ac_cv_env_RENDER_BACKEND_CFLAGS_set=
ac_cv_env_RENDER_BACKEND_CFLAGS_value=
ac_cv_env_RENDER_BACKEND_LIBS_set=
ac_cv_env_RENDER_BACKEND_LIBS_value=
ac_cv_env_UNAGI_CFLAGS_set=
ac_cv_env_UNAGI_CFLAGS_value=
ac_cv_env_UNAGI_LIBS_set=
ac_cv_env_UNAGI_LIBS_value=
ac_cv_env_build_alias_set=
ac_cv_env_build_alias_value=
ac_cv_env_host_alias_set=
ac_cv_env_host_alias_value=
ac_cv_env_target_alias_set=
ac_cv_env_target_alias_value=
ac_cv_func_dlopen=yes
ac_cv_func_shl_load=no
ac_cv_header_dlfcn_h=yes
ac_cv_header_inttypes_h=yes
ac_cv_header_stdbool_h=yes
ac_cv_header_stdint_h=yes
ac_cv_header_stdio_h=yes
ac_cv_header_stdlib_h=yes
ac_cv_header_string_h=yes
ac_cv_header_strings_h=yes
ac_cv_header_sys_stat_h=yes
ac_cv_header_sys_types_h=yes
ac_cv_header_unistd_h=yes
ac_cv_host=x86_64-pc-linux-gnu
ac_cv_lib_dld_shl_load=no
ac_cv_objext=o
ac_cv_path_EGREP='/usr/bin/grep -E'
ac_cv_path_FGREP='/usr/bin/grep -F'
ac_cv_path_GREP=/usr/bin/grep
ac_cv_path_SED=/usr/bin/sed
ac_cv_path_ac_pt_DX_DOXYGEN=/usr/bin/doxygen
ac_cv_path_ac_pt_DX_PERL=/usr/bin/perl
ac_cv_path_ac_pt_PKG_CONFIG=/usr/bin/pkg-config
ac_cv_path_install='/usr/bin/install -c'
ac_cv_path_lt_DD=/usr/bin/dd
ac_cv_path_mkdir=/usr/bin/mkdir
ac_cv_prog_AWK=gawk
ac_cv_prog_ac_ct_AR=ar
ac_cv_prog_ac_ct_CC=gcc
ac_cv_prog_ac_ct_OBJDUMP=objdump
ac_cv_prog_ac_ct_RANLIB=ranlib
ac_cv_prog_ac_ct_STRIP=strip
ac_cv_prog_cc_c11=
ac_cv_prog_cc_g=yes
ac_cv_prog_cc_stdc=
ac_cv_prog_make_make_set=yes
ac_cv_search_ev_default_loop=-lev
ac_cv_type__Bool=yes
ac_cv_type_ssize_t=yes
am_cv_CC_dependencies_compiler_type=gcc3
am_cv_make_support_nested_variables=yes
am_cv_prog_cc_c_o=yes
lt_cv_ar_at_file=@
lt_cv_archive_cmds_need_lc=no
lt_cv_deplibs_check_method=pass_all
lt_cv_dlopen=dlopen
lt_cv_dlopen_libs=
lt_cv_dlopen_self=yes
lt_cv_dlopen_self_static=no
lt_cv_file_magic_cmd='$MAGIC_CMD'
lt_cv_file_magic_test_file=
lt_cv_ld_reload_flag=-r
lt_cv_nm_interface='BSD nm'
lt_cv_objdir=.libs
lt_cv_path_LD=/usr/bin/ld
lt_cv_path_NM='/usr/bin/nm -B'
lt_cv_path_mainfest_tool=no
lt_cv_prog_compiler_c_o=yes
lt_cv_prog_compiler_pic='-fPIC -DPIC'
lt_cv_prog_compiler_pic_works=yes
lt_cv_prog_compiler_rtti_exceptions=no
lt_cv_prog_compiler_static_works=yes
lt_cv_prog_gnu_ld=yes
lt_cv_sharedlib_from_linklib_cmd='printf %s\n'
lt_cv_shlibpath_overrides_runpath=no
lt_cv_sys_global_symbol_pipe='sed -n -e '\''s/^.*[	 ]\([ABCDGIRSTW][ABCDGIRSTW]*\)[	 ][	 ]*\([_A-Za-z][_A-Za-z0-9]*\)$/\1 \2 \2/p'\'' | sed '\''/ __gnu_lto/d'\'''
lt_cv_sys_global_symbol_to_c_name_address='sed -n -e '\''s/^: \(.*\) .*$/  {"\1", (void *) 0},/p'\'' -e '\''s/^[ABCDGIRSTW][ABCDGIRSTW]* .* \(.*\)$/  {"\1", (void *) \&\1},/p'\'''
lt_cv_sys_global_symbol_to_c_name_address_lib_prefix='sed -n -e '\''s/^: \(.*\) .*$/  {"\1", (void *) 0},/p'\'' -e '\''s/^[ABCDGIRSTW][ABCDGIRSTW]* .* \(lib.*\)$/  {"\1", (void *) \&\1},/p'\'' -e '\''s/^[ABCDGIRSTW][ABCDGIRSTW]* .* \(.*\)$/  {"lib\1", (void *) \&\1},/p'\'''
lt_cv_sys_global_symbol_to_cdecl='sed -n -e '\''s/^T .* \(.*\)$/extern int \1();/p'\'' -e '\''s/^[ABCDGIRSTW][ABCDGIRSTW]* .* \(.*\)$/extern char \1;/p'\'''
lt_cv_sys_global_symbol_to_import=
lt_cv_sys_max_cmd_len=1572864
lt_cv_to_host_file_cmd=func_convert_file_noop
lt_cv_to_tool_file_cmd=func_convert_file_noop
lt_cv_truncate_bin='/usr/bin/dd bs=4096 count=1'
pkg_cv_RENDER_BACKEND_CFLAGS=
pkg_cv_RENDER_BACKEND_LIBS='-lxcb-render-util -lxcb -lxcb-render '
pkg_cv_UNAGI_CFLAGS='-I/usr/include/dbus-1.0 -I/usr/lib/dbus-1.0/include -I/usr/include/libdrm '
pkg_cv_UNAGI_LIBS='-lxdg-basedir -lconfuse -ldbus-1 -ldrm -lxcb-composite -lxcb-xfixes -lxcb-damage -lxcb-randr -lxcb-ewmh -lxcb-util -lxcb-keysyms -lxcb -lxkbcommon '

## ----------------- ##
## Output variables. ##
## ----------------- ##










	$(AM_V_at)echo Timestamp >$@
	$(AM_V_at)rm -rf $(DX_DOCDIR)
	$(DX_CLEAN_CHI) \
	$(DX_CLEAN_CHM) \
	$(DX_CLEAN_HTML) \
	$(DX_CLEAN_LATEX)'
	$(DX_CLEAN_MAN) \
	$(DX_CLEAN_PDF) \
	$(DX_CLEAN_PS) \
	$(DX_CLEAN_RTF) \
	$(DX_CLEAN_XML) \
	$(DX_DOCDIR)/$(PACKAGE).tag \
	$(DX_DOCDIR)/doxygen_sqlite3.db \
	$(DX_V_DXGEN)$(DX_ENV) DOCDIR=$(DX_DOCDIR) $(DX_DOXYGEN) $(DX_CONFIG)
	-r \
                $(DX_DOCDIR)/html
## ------------------------------- ##
$(DX_DOCDIR)/$(PACKAGE).tag: $(DX_CONFIG) $(pkginclude_HEADERS)
.INTERMEDIATE: doxygen-run $(DX_PS_GOAL) $(DX_PDF_GOAL)
.PHONY: doxygen-run doxygen-doc $(DX_PS_GOAL) $(DX_PDF_GOAL)
ACLOCAL='${SHELL} '\''/home/tom/dev/unagi/missing'\'' aclocal-1.16'
AMDEPBACKSLASH='\'
AMDEP_FALSE='#'
AMDEP_TRUE=''
AMTAR='$${TAR-tar}'
AM_BACKSLASH='\'
AM_DEFAULT_V='$(AM_DEFAULT_VERBOSITY)'
AM_DEFAULT_VERBOSITY='1'
AM_V='$(V)'
AR='ar'
AUTOCONF='${SHELL} '\''/home/tom/dev/unagi/missing'\'' autoconf'
AUTOHEADER='${SHELL} '\''/home/tom/dev/unagi/missing'\'' autoheader'
AUTOMAKE='${SHELL} '\''/home/tom/dev/unagi/missing'\'' automake-1.16'
AWK='gawk'
CC='gcc'
CCDEPMODE='depmode=gcc3'
CFLAGS='-g -O2 -DRENDERING_DIR='\''"${exec_prefix}/lib/unagi/rendering/"'\'' -DPLUGINS_DIR='\''"${exec_prefix}/lib/unagi/plugins/"'\'' -DXDG_CONFIG_DIR='\''"/etc/xdg/unagi"'\'' -Wformat-nonliteral -Wall -Wextra -Wunused-parameter 	       -Wconversion -Wshadow -Wmissing-prototypes -Wchar-subscripts 	       -Wundef -Wshadow -Wcast-align -Wwrite-strings -Wsign-compare 	       -Wunused -Wno-unused-parameter -Wuninitialized -Winit-self 	       -Wpointer-arith -Wredundant-decls -Wno-format-zero-length 	       -Wmissing-format-attribute -Wstrict-prototypes'
CPPFLAGS=''
CSCOPE='cscope'
CTAGS='ctags'
CYGPATH_W='echo'
DEBUG_FALSE=''
DEBUG_TRUE='#'
DEFS='-DHAVE_CONFIG_H'
DEPDIR='.deps'
DLLTOOL='false'
DOT_PATH=''
DOXYGEN_PAPER_SIZE=''
DSYMUTIL=''
DUMPBIN=''
DX_CLEANFILES = \
DX_CLEAN_HTML = $(DX_DOCDIR)/html\
DX_CONFIG='doxygen.cfg'
DX_DOCDIR='api'
DX_DOT=''
DX_DOXYGEN='/usr/bin/doxygen'
DX_DVIPS=''
DX_EGREP=''
DX_ENV=' SRCDIR='\''.'\'' PROJECT='\''unagi'\'' VERSION='\''0.3.4'\'' PERL_PATH='\''/usr/bin/perl'\'' HAVE_DOT='\''NO'\'' GENERATE_MAN='\''NO'\'' GENERATE_RTF='\''NO'\'' GENERATE_XML='\''NO'\'' GENERATE_HTMLHELP='\''NO'\'' GENERATE_CHI='\''NO'\'' GENERATE_HTML='\''YES'\'' GENERATE_LATEX='\''NO'\'''
DX_FLAG_chi='0'
DX_FLAG_chm='0'
DX_FLAG_doc='1'
DX_FLAG_dot='0'
DX_FLAG_html='1'
DX_FLAG_man='0'
DX_FLAG_pdf='0'
DX_FLAG_ps='0'
DX_FLAG_rtf='0'
DX_FLAG_xml='0'
DX_HHC=''
DX_LATEX=''
DX_MAKEINDEX=''
DX_PDFLATEX=''
DX_PERL='/usr/bin/perl'
DX_PROJECT='unagi'
DX_RULES='## --------------------------------- ##
DX_V_DXGEN = $(_DX_v_DXGEN_$(V))
ECHO_C=''
ECHO_N='-n'
ECHO_T=''
EGREP='/usr/bin/grep -E'
ETAGS='etags'
EXEEXT=''
FGREP='/usr/bin/grep -F'
GENERATE_CHI='NO'
GENERATE_HTML='YES'
GENERATE_HTMLHELP='NO'
GENERATE_LATEX='NO'
GENERATE_MAN='NO'
GENERATE_RTF='NO'
GENERATE_XML='NO'
GREP='/usr/bin/grep'
HAVE_DOT='NO'
HHC_PATH=''
INSTALL_DATA='${INSTALL} -m 644'
INSTALL_PROGRAM='${INSTALL}'
INSTALL_SCRIPT='${INSTALL}'
INSTALL_STRIP_PROGRAM='$(install_sh) -c -s'
LD='/usr/bin/ld -m elf_x86_64'
LDFLAGS=''
LIBEV_CFLAGS=''
LIBEV_LIBS=''
LIBOBJS=''
LIBS='-lev '
LIBTOOL='$(SHELL) $(top_builddir)/libtool'
LIPO=''
LN_S='ln -s'
LTLIBOBJS=''
LT_SYS_LIBRARY_PATH=''
MAINT='#'
MAINTAINER_MODE_FALSE=''
MAINTAINER_MODE_TRUE='#'
MAKEINFO='${SHELL} '\''/home/tom/dev/unagi/missing'\'' makeinfo'
MANIFEST_TOOL=':'
MKDIR_P='/usr/bin/mkdir -p'
NM='/usr/bin/nm -B'
NMEDIT=''
OBJDUMP='objdump'
OBJEXT='o'
OTOOL64=''
OTOOL=''
PACKAGE='unagi'
PACKAGE_BUGREPORT='Arnaud Fontaine <arnau@mini-dweeb.org'
PACKAGE_NAME='unagi'
PACKAGE_STRING='unagi 0.3.4'
PACKAGE_TARNAME='unagi'
PACKAGE_URL=''
PACKAGE_VERSION='0.3.4'
PAPER_SIZE=''
PATH_SEPARATOR=':'
PERL_PATH='/usr/bin/perl'
PKG_CONFIG='/usr/bin/pkg-config'
PKG_CONFIG_LIBDIR=''
PKG_CONFIG_PATH=''
PROJECT='unagi'
RANLIB='ranlib'
RENDER_BACKEND_CFLAGS=''
RENDER_BACKEND_LIBS='-lxcb-render-util -lxcb -lxcb-render '
SED='/usr/bin/sed'
SET_MAKE=''
SHELL='/bin/sh'
SRCDIR='.'
STRIP='strip'
UNAGI_CFLAGS='-I/usr/include/dbus-1.0 -I/usr/lib/dbus-1.0/include -I/usr/include/libdrm '
UNAGI_LIBS='-lxdg-basedir -lconfuse -ldbus-1 -ldrm -lxcb-composite -lxcb-xfixes -lxcb-damage -lxcb-randr -lxcb-ewmh -lxcb-util -lxcb-keysyms -lxcb -lxkbcommon '
UNAGI_REQUIRES='libxdg-basedir >= 1.0.0  libconfuse  dbus-1  libdrm  xcb >= 1.8  xcb-proto >= 1.6  xcb-composite  xcb-xfixes  xcb-damage  xcb-randr  xcb-ewmh >= 0.4.0  xcb-event  xcb-aux  xcb-keysyms  xkbcommon'
VERSION='0.3.4'
XDG_CONFIG_DIR='/etc/xdg/unagi'
_DX_v_DXGEN_ = $(_DX_v_DXGEN_$(AM_DEFAULT_VERBOSITY))
_DX_v_DXGEN_0 = @echo "  DXGEN " $<;
ac_ct_AR='ar'
ac_ct_CC='gcc'
ac_ct_DUMPBIN=''
am__EXEEXT_FALSE=''
am__EXEEXT_TRUE='#'
am__fastdepCC_FALSE='#'
am__fastdepCC_TRUE=''
am__include='include'
am__isrc=''
am__leading_dot='.'
am__nodep='_no'
am__quote=''
am__tar='$${TAR-tar} chof - "$$tardir"'
am__untar='$${TAR-tar} xf -'
bindir='${exec_prefix}/bin'
build='x86_64-pc-linux-gnu'
build_alias=''
build_cpu='x86_64'
build_os='linux-gnu'
build_vendor='pc'
datadir='${datarootdir}'
datarootdir='${prefix}/share'
docdir='${datarootdir}/doc/${PACKAGE_TARNAME}'
doxygen-doc: doxygen-run $(DX_PS_GOAL) $(DX_PDF_GOAL)
doxygen-run: $(DX_DOCDIR)/$(PACKAGE).tag
dvidir='${docdir}'
exec_prefix='${prefix}'
host='x86_64-pc-linux-gnu'
host_alias=''
host_cpu='x86_64'
host_os='linux-gnu'
host_vendor='pc'
htmldir='${docdir}'
includedir='${prefix}/include'
infodir='${datarootdir}/info'
install_sh='${SHELL} /home/tom/dev/unagi/install-sh'
libdir='${exec_prefix}/lib'
libexecdir='${exec_prefix}/libexec'
localedir='${datarootdir}/locale'
localstatedir='${prefix}/var'
mandir='${datarootdir}/man'
mkdir_p='$(MKDIR_P)'
oldincludedir='/usr/include'
pdfdir='${docdir}'
pluginsdir='${exec_prefix}/lib/unagi/plugins/'
prefix='/usr'
program_transform_name='s,x,x,'
psdir='${docdir}'
renderingdir='${exec_prefix}/lib/unagi/rendering/'
runstatedir='${localstatedir}/run'
sbindir='${exec_prefix}/sbin'
sharedstatedir='${prefix}/com'
sysconfdir='/etc'
target_alias=''

## ----------- ##
## confdefs.h. ##
## ----------- ##

/* confdefs.h */
#define PACKAGE_NAME "unagi"
#define PACKAGE_TARNAME "unagi"
#define PACKAGE_VERSION "0.3.4"
#define PACKAGE_STRING "unagi 0.3.4"
#define PACKAGE_BUGREPORT "Arnaud Fontaine <arnau@mini-dweeb.org"
#define PACKAGE_URL ""
#define PACKAGE "unagi"
#define VERSION "0.3.4"
#define HAVE_STDIO_H 1
#define HAVE_STDLIB_H 1
#define HAVE_STRING_H 1
#define HAVE_INTTYPES_H 1
#define HAVE_STDINT_H 1
#define HAVE_STRINGS_H 1
#define HAVE_SYS_STAT_H 1
#define HAVE_SYS_TYPES_H 1
#define HAVE_UNISTD_H 1
#define STDC_HEADERS 1
#define HAVE_DLFCN_H 1
#define LT_OBJDIR ".libs/"
#define HAVE__BOOL 1
#define HAVE_STDBOOL_H 1

configure: exit 0
